Release 14.7 - xst P.20131013 (nt64)
Copyright (c) 1995-2013 Xilinx, Inc.  All rights reserved.
--> Parameter TMPDIR set to xst/projnav.tmp


Total REAL time to Xst completion: 0.00 secs
Total CPU time to Xst completion: 0.12 secs
 
--> Parameter xsthdpdir set to xst


Total REAL time to Xst completion: 0.00 secs
Total CPU time to Xst completion: 0.12 secs
 
--> Reading design: freq_div6.prj

TABLE OF CONTENTS
  1) Synthesis Options Summary
  2) HDL Parsing
  3) HDL Elaboration
  4) HDL Synthesis
       4.1) HDL Synthesis Report
  5) Advanced HDL Synthesis
       5.1) Advanced HDL Synthesis Report
  6) Low Level Synthesis
  7) Partition Report
  8) Design Summary
       8.1) Primitive and Black Box Usage
       8.2) Device utilization summary
       8.3) Partition Resource Summary
       8.4) Timing Report
            8.4.1) Clock Information
            8.4.2) Asynchronous Control Signals Information
            8.4.3) Timing Summary
            8.4.4) Timing Details
            8.4.5) Cross Clock Domains Report


=========================================================================
*                      Synthesis Options Summary                        *
=========================================================================
---- Source Parameters
Input File Name                    : "freq_div6.prj"
Ignore Synthesis Constraint File   : NO

---- Target Parameters
Output File Name                   : "freq_div6"
Output Format                      : NGC
Target Device                      : xc6slx9-3-ftg256

---- Source Options
Top Module Name                    : freq_div6
Automatic FSM Extraction           : YES
FSM Encoding Algorithm             : Auto
Safe Implementation                : No
FSM Style                          : LUT
RAM Extraction                     : Yes
RAM Style                          : Auto
ROM Extraction                     : Yes
Shift Register Extraction          : YES
ROM Style                          : Auto
Resource Sharing                   : YES
Asynchronous To Synchronous        : NO
Shift Register Minimum Size        : 2
Use DSP Block                      : Auto
Automatic Register Balancing       : No

---- Target Options
LUT Combining                      : Auto
Reduce Control Sets                : Auto
Add IO Buffers                     : YES
Global Maximum Fanout              : 100000
Add Generic Clock Buffer(BUFG)     : 16
Register Duplication               : YES
Optimize Instantiated Primitives   : NO
Use Clock Enable                   : Auto
Use Synchronous Set                : Auto
Use Synchronous Reset              : Auto
Pack IO Registers into IOBs        : Auto
Equivalent register Removal        : YES

---- General Options
Optimization Goal                  : Speed
Optimization Effort                : 1
Power Reduction                    : NO
Keep Hierarchy                     : No
Netlist Hierarchy                  : As_Optimized
RTL Output                         : Yes
Global Optimization                : AllClockNets
Read Cores                         : YES
Write Timing Constraints           : NO
Cross Clock Analysis               : NO
Hierarchy Separator                : /
Bus Delimiter                      : <>
Case Specifier                     : Maintain
Slice Utilization Ratio            : 100
BRAM Utilization Ratio             : 100
DSP48 Utilization Ratio            : 100
Auto BRAM Packing                  : NO
Slice Utilization Ratio Delta      : 5

=========================================================================


=========================================================================
*                          HDL Parsing                                  *
=========================================================================
Parsing VHDL file "E:\ISE Projects\vhdl-basics\freq_div.vhd" into library work
Parsing entity <freq_div>.
Parsing architecture <Behavioral> of entity <freq_div>.
Parsing VHDL file "E:\ISE Projects\vhdl-basics\freq_div6.vhd" into library work
Parsing entity <freq_div6>.
Parsing architecture <Behavioral> of entity <freq_div6>.

=========================================================================
*                            HDL Elaboration                            *
=========================================================================

Elaborating entity <freq_div6> (architecture <Behavioral>) from library <work>.

Elaborating entity <freq_div> (architecture <Behavioral>) with generics from library <work>.
WARNING:HDLCompiler:92 - "E:\ISE Projects\vhdl-basics\freq_div6.vhd" Line 46: rst should be on the sensitivity list of the process

=========================================================================
*                           HDL Synthesis                               *
=========================================================================

Synthesizing Unit <freq_div6>.
    Related source file is "E:\ISE Projects\vhdl-basics\freq_div6.vhd".
    Found 1-bit register for signal <rstt>.
    Found 32-bit register for signal <temp>.
    Found 32-bit adder for signal <temp[31]_GND_3_o_add_0_OUT> created at line 54.
    Summary:
	inferred   1 Adder/Subtractor(s).
	inferred  33 D-type flip-flop(s).
	inferred   1 Multiplexer(s).
Unit <freq_div6> synthesized.

Synthesizing Unit <freq_div>.
    Related source file is "E:\ISE Projects\vhdl-basics\freq_div.vhd".
        N = 3
    Found 32-bit register for signal <temp>.
    Found 32-bit adder for signal <temp[31]_GND_4_o_add_1_OUT> created at line 41.
    Summary:
	inferred   1 Adder/Subtractor(s).
	inferred  32 D-type flip-flop(s).
	inferred   1 Multiplexer(s).
Unit <freq_div> synthesized.

=========================================================================
HDL Synthesis Report

Macro Statistics
# Adders/Subtractors                                   : 2
 32-bit adder                                          : 2
# Registers                                            : 3
 1-bit register                                        : 1
 32-bit register                                       : 2
# Multiplexers                                         : 2
 32-bit 2-to-1 multiplexer                             : 2

=========================================================================

=========================================================================
*                       Advanced HDL Synthesis                          *
=========================================================================

WARNING:Xst:1426 - The value init of the FF/Latch rstt hinder the constant cleaning in the block freq_div6.
   You should achieve better results by setting this init to 1.

Synthesizing (advanced) Unit <freq_div>.
The following registers are absorbed into counter <temp>: 1 register on signal <temp>.
Unit <freq_div> synthesized (advanced).

Synthesizing (advanced) Unit <freq_div6>.
The following registers are absorbed into counter <temp>: 1 register on signal <temp>.
Unit <freq_div6> synthesized (advanced).

=========================================================================
Advanced HDL Synthesis Report

Macro Statistics
# Counters                                             : 2
 32-bit up counter                                     : 2
# Registers                                            : 1
 Flip-Flops                                            : 1

=========================================================================

=========================================================================
*                         Low Level Synthesis                           *
=========================================================================
WARNING:Xst:1426 - The value init of the FF/Latch rstt hinder the constant cleaning in the block freq_div6.
   You should achieve better results by setting this init to 1.
WARNING:Xst:3002 - This design contains one or more registers/latches that are directly
   incompatible with the Spartan6 architecture. The two primary causes of this is
   either a register or latch described with both an asynchronous set and
   asynchronous reset, or a register or latch described with an asynchronous
   set or reset which however has an initialization value of the opposite 
   polarity (i.e. asynchronous reset with an initialization value of 1).
    While this circuit can be built, it creates a sub-optimal implementation
   in terms of area, power and performance. For a more optimal implementation
   Xilinx highly recommends one of the following:

          1) Remove either the set or reset from all registers and latches
             if not needed for required functionality
          2) Modify the code in order to produce a synchronous set
             and/or reset (both is preferred)
          3) Ensure all registers have the same initialization value as the
             described asynchronous set or reset polarity
          4) Use the -async_to_sync option to transform the asynchronous
             set/reset to synchronous operation
             (timing simulation highly recommended when using this option)

  Please refer to http://www.xilinx.com search string "Spartan6 asynchronous set/reset" for more details.

  List of register instances with asynchronous set or reset and opposite initialization value:
    rstt in unit <freq_div6>


Optimizing unit <freq_div6> ...
WARNING:Xst:1293 - FF/Latch <U1/temp_31> has a constant value of 0 in block <freq_div6>. This FF/Latch will be trimmed during the optimization process.
WARNING:Xst:1896 - Due to other FF/Latch trimming, FF/Latch <U1/temp_30> has a constant value of 0 in block <freq_div6>. This FF/Latch will be trimmed during the optimization process.
WARNING:Xst:1896 - Due to other FF/Latch trimming, FF/Latch <U1/temp_29> has a constant value of 0 in block <freq_div6>. This FF/Latch will be trimmed during the optimization process.
WARNING:Xst:1896 - Due to other FF/Latch trimming, FF/Latch <U1/temp_28> has a constant value of 0 in block <freq_div6>. This FF/Latch will be trimmed during the optimization process.
WARNING:Xst:1896 - Due to other FF/Latch trimming, FF/Latch <U1/temp_27> has a constant value of 0 in block <freq_div6>. This FF/Latch will be trimmed during the optimization process.
WARNING:Xst:1896 - Due to other FF/Latch trimming, FF/Latch <U1/temp_26> has a constant value of 0 in block <freq_div6>. This FF/Latch will be trimmed during the optimization process.
WARNING:Xst:1896 - Due to other FF/Latch trimming, FF/Latch <U1/temp_25> has a constant value of 0 in block <freq_div6>. This FF/Latch will be trimmed during the optimization process.
WARNING:Xst:1896 - Due to other FF/Latch trimming, FF/Latch <U1/temp_24> has a constant value of 0 in block <freq_div6>. This FF/Latch will be trimmed during the optimization process.
WARNING:Xst:1896 - Due to other FF/Latch trimming, FF/Latch <U1/temp_23> has a constant value of 0 in block <freq_div6>. This FF/Latch will be trimmed during the optimization process.
WARNING:Xst:1896 - Due to other FF/Latch trimming, FF/Latch <U1/temp_22> has a constant value of 0 in block <freq_div6>. This FF/Latch will be trimmed during the optimization process.
WARNING:Xst:1896 - Due to other FF/Latch trimming, FF/Latch <U1/temp_21> has a constant value of 0 in block <freq_div6>. This FF/Latch will be trimmed during the optimization process.
WARNING:Xst:1896 - Due to other FF/Latch trimming, FF/Latch <U1/temp_20> has a constant value of 0 in block <freq_div6>. This FF/Latch will be trimmed during the optimization process.
WARNING:Xst:1896 - Due to other FF/Latch trimming, FF/Latch <U1/temp_19> has a constant value of 0 in block <freq_div6>. This FF/Latch will be trimmed during the optimization process.
WARNING:Xst:1896 - Due to other FF/Latch trimming, FF/Latch <U1/temp_18> has a constant value of 0 in block <freq_div6>. This FF/Latch will be trimmed during the optimization process.
WARNING:Xst:1896 - Due to other FF/Latch trimming, FF/Latch <U1/temp_17> has a constant value of 0 in block <freq_div6>. This FF/Latch will be trimmed during the optimization process.
WARNING:Xst:1896 - Due to other FF/Latch trimming, FF/Latch <U1/temp_16> has a constant value of 0 in block <freq_div6>. This FF/Latch will be trimmed during the optimization process.
WARNING:Xst:1896 - Due to other FF/Latch trimming, FF/Latch <U1/temp_15> has a constant value of 0 in block <freq_div6>. This FF/Latch will be trimmed during the optimization process.
WARNING:Xst:1896 - Due to other FF/Latch trimming, FF/Latch <U1/temp_14> has a constant value of 0 in block <freq_div6>. This FF/Latch will be trimmed during the optimization process.
WARNING:Xst:1896 - Due to other FF/Latch trimming, FF/Latch <U1/temp_13> has a constant value of 0 in block <freq_div6>. This FF/Latch will be trimmed during the optimization process.
WARNING:Xst:1896 - Due to other FF/Latch trimming, FF/Latch <U1/temp_12> has a constant value of 0 in block <freq_div6>. This FF/Latch will be trimmed during the optimization process.
WARNING:Xst:1896 - Due to other FF/Latch trimming, FF/Latch <U1/temp_11> has a constant value of 0 in block <freq_div6>. This FF/Latch will be trimmed during the optimization process.
WARNING:Xst:1896 - Due to other FF/Latch trimming, FF/Latch <U1/temp_10> has a constant value of 0 in block <freq_div6>. This FF/Latch will be trimmed during the optimization process.
WARNING:Xst:1896 - Due to other FF/Latch trimming, FF/Latch <U1/temp_9> has a constant value of 0 in block <freq_div6>. This FF/Latch will be trimmed during the optimization process.
WARNING:Xst:1896 - Due to other FF/Latch trimming, FF/Latch <U1/temp_8> has a constant value of 0 in block <freq_div6>. This FF/Latch will be trimmed during the optimization process.
WARNING:Xst:1896 - Due to other FF/Latch trimming, FF/Latch <U1/temp_7> has a constant value of 0 in block <freq_div6>. This FF/Latch will be trimmed during the optimization process.
WARNING:Xst:1896 - Due to other FF/Latch trimming, FF/Latch <U1/temp_6> has a constant value of 0 in block <freq_div6>. This FF/Latch will be trimmed during the optimization process.
WARNING:Xst:1896 - Due to other FF/Latch trimming, FF/Latch <U1/temp_5> has a constant value of 0 in block <freq_div6>. This FF/Latch will be trimmed during the optimization process.
WARNING:Xst:1896 - Due to other FF/Latch trimming, FF/Latch <U1/temp_4> has a constant value of 0 in block <freq_div6>. This FF/Latch will be trimmed during the optimization process.
WARNING:Xst:1896 - Due to other FF/Latch trimming, FF/Latch <U1/temp_3> has a constant value of 0 in block <freq_div6>. This FF/Latch will be trimmed during the optimization process.
WARNING:Xst:1896 - Due to other FF/Latch trimming, FF/Latch <U1/temp_2> has a constant value of 0 in block <freq_div6>. This FF/Latch will be trimmed during the optimization process.

Mapping all equations...
Building and optimizing final netlist ...
Found area constraint ratio of 100 (+ 5) on block freq_div6, actual ratio is 1.
WARNING:Xst:1426 - The value init of the FF/Latch rstt_LD hinder the constant cleaning in the block freq_div6.
   You should achieve better results by setting this init to 1.
WARNING:Xst:1426 - The value init of the FF/Latch rstt_C hinder the constant cleaning in the block freq_div6.
   You should achieve better results by setting this init to 1.
FlipFlop U1/temp_0 has been replicated 1 time(s)
FlipFlop U1/temp_1 has been replicated 1 time(s)

Final Macro Processing ...

=========================================================================
Final Register Report

Macro Statistics
# Registers                                            : 37
 Flip-Flops                                            : 37

=========================================================================

=========================================================================
*                           Partition Report                            *
=========================================================================

Partition Implementation Status
-------------------------------

  No Partitions were found in this design.

-------------------------------

=========================================================================
*                            Design Summary                             *
=========================================================================

Top Level Output File Name         : freq_div6.ngc

Primitive and Black Box Usage:
------------------------------
# BELS                             : 145
#      GND                         : 1
#      INV                         : 2
#      LUT1                        : 32
#      LUT2                        : 2
#      LUT3                        : 35
#      LUT6                        : 6
#      MUXCY                       : 32
#      VCC                         : 1
#      XORCY                       : 34
# FlipFlops/Latches                : 38
#      FDC                         : 36
#      FDE                         : 1
#      LD                          : 1
# Clock Buffers                    : 2
#      BUFG                        : 1
#      BUFGP                       : 1
# IO Buffers                       : 2
#      IBUF                        : 1
#      OBUF                        : 1

Device utilization summary:
---------------------------

Selected Device : 6slx9ftg256-3 


Slice Logic Utilization: 
 Number of Slice Registers:              38  out of  11440     0%  
 Number of Slice LUTs:                   77  out of   5720     1%  
    Number used as Logic:                77  out of   5720     1%  

Slice Logic Distribution: 
 Number of LUT Flip Flop pairs used:     79
   Number with an unused Flip Flop:      41  out of     79    51%  
   Number with an unused LUT:             2  out of     79     2%  
   Number of fully used LUT-FF pairs:    36  out of     79    45%  
   Number of unique control sets:         4

IO Utilization: 
 Number of IOs:                           3
 Number of bonded IOBs:                   3  out of    186     1%  

Specific Feature Utilization:
 Number of BUFG/BUFGCTRLs:                2  out of     16    12%  

---------------------------
Partition Resource Summary:
---------------------------

  No Partitions were found in this design.

---------------------------


=========================================================================
Timing Report

NOTE: THESE TIMING NUMBERS ARE ONLY A SYNTHESIS ESTIMATE.
      FOR ACCURATE TIMING INFORMATION PLEASE REFER TO THE TRACE REPORT
      GENERATED AFTER PLACE-and-ROUTE.

Clock Information:
------------------
-----------------------------------+------------------------+-------+
Clock Signal                       | Clock buffer(FF name)  | Load  |
-----------------------------------+------------------------+-------+
CLK                                | BUFGP                  | 37    |
RST                                | IBUF+BUFG              | 1     |
-----------------------------------+------------------------+-------+

Asynchronous Control Signals Information:
----------------------------------------
No asynchronous control signals found in this design

Timing Summary:
---------------
Speed Grade: -3

   Minimum period: 3.078ns (Maximum Frequency: 324.876MHz)
   Minimum input arrival time before clock: 2.943ns
   Maximum output required time after clock: 5.928ns
   Maximum combinational path delay: No path found

Timing Details:
---------------
All values displayed in nanoseconds (ns)

=========================================================================
Timing constraint: Default period analysis for Clock 'CLK'
  Clock period: 3.078ns (frequency: 324.876MHz)
  Total number of paths / destination ports: 613 / 42
-------------------------------------------------------------------------
Delay:               3.078ns (Levels of Logic = 34)
  Source:            temp_0 (FF)
  Destination:       temp_31 (FF)
  Source Clock:      CLK rising
  Destination Clock: CLK rising

  Data Path: temp_0 to temp_31
                                Gate     Net
    Cell:in->out      fanout   Delay   Delay  Logical Name (Net Name)
    ----------------------------------------  ------------
     FDC:C->Q              2   0.447   0.616  temp_0 (temp_0)
     INV:I->O              1   0.206   0.000  Mcount_temp_lut<0>_INV_0 (Mcount_temp_lut<0>)
     MUXCY:S->O            1   0.172   0.000  Mcount_temp_cy<0> (Mcount_temp_cy<0>)
     MUXCY:CI->O           1   0.019   0.000  Mcount_temp_cy<1> (Mcount_temp_cy<1>)
     MUXCY:CI->O           1   0.019   0.000  Mcount_temp_cy<2> (Mcount_temp_cy<2>)
     MUXCY:CI->O           1   0.019   0.000  Mcount_temp_cy<3> (Mcount_temp_cy<3>)
     MUXCY:CI->O           1   0.019   0.000  Mcount_temp_cy<4> (Mcount_temp_cy<4>)
     MUXCY:CI->O           1   0.019   0.000  Mcount_temp_cy<5> (Mcount_temp_cy<5>)
     MUXCY:CI->O           1   0.019   0.000  Mcount_temp_cy<6> (Mcount_temp_cy<6>)
     MUXCY:CI->O           1   0.019   0.000  Mcount_temp_cy<7> (Mcount_temp_cy<7>)
     MUXCY:CI->O           1   0.019   0.000  Mcount_temp_cy<8> (Mcount_temp_cy<8>)
     MUXCY:CI->O           1   0.019   0.000  Mcount_temp_cy<9> (Mcount_temp_cy<9>)
     MUXCY:CI->O           1   0.019   0.000  Mcount_temp_cy<10> (Mcount_temp_cy<10>)
     MUXCY:CI->O           1   0.019   0.000  Mcount_temp_cy<11> (Mcount_temp_cy<11>)
     MUXCY:CI->O           1   0.019   0.000  Mcount_temp_cy<12> (Mcount_temp_cy<12>)
     MUXCY:CI->O           1   0.019   0.000  Mcount_temp_cy<13> (Mcount_temp_cy<13>)
     MUXCY:CI->O           1   0.019   0.000  Mcount_temp_cy<14> (Mcount_temp_cy<14>)
     MUXCY:CI->O           1   0.019   0.000  Mcount_temp_cy<15> (Mcount_temp_cy<15>)
     MUXCY:CI->O           1   0.019   0.000  Mcount_temp_cy<16> (Mcount_temp_cy<16>)
     MUXCY:CI->O           1   0.019   0.000  Mcount_temp_cy<17> (Mcount_temp_cy<17>)
     MUXCY:CI->O           1   0.019   0.000  Mcount_temp_cy<18> (Mcount_temp_cy<18>)
     MUXCY:CI->O           1   0.019   0.000  Mcount_temp_cy<19> (Mcount_temp_cy<19>)
     MUXCY:CI->O           1   0.019   0.000  Mcount_temp_cy<20> (Mcount_temp_cy<20>)
     MUXCY:CI->O           1   0.019   0.000  Mcount_temp_cy<21> (Mcount_temp_cy<21>)
     MUXCY:CI->O           1   0.019   0.000  Mcount_temp_cy<22> (Mcount_temp_cy<22>)
     MUXCY:CI->O           1   0.019   0.000  Mcount_temp_cy<23> (Mcount_temp_cy<23>)
     MUXCY:CI->O           1   0.019   0.000  Mcount_temp_cy<24> (Mcount_temp_cy<24>)
     MUXCY:CI->O           1   0.019   0.000  Mcount_temp_cy<25> (Mcount_temp_cy<25>)
     MUXCY:CI->O           1   0.019   0.000  Mcount_temp_cy<26> (Mcount_temp_cy<26>)
     MUXCY:CI->O           1   0.019   0.000  Mcount_temp_cy<27> (Mcount_temp_cy<27>)
     MUXCY:CI->O           1   0.019   0.000  Mcount_temp_cy<28> (Mcount_temp_cy<28>)
     MUXCY:CI->O           1   0.019   0.000  Mcount_temp_cy<29> (Mcount_temp_cy<29>)
     MUXCY:CI->O           0   0.019   0.000  Mcount_temp_cy<30> (Mcount_temp_cy<30>)
     XORCY:CI->O           1   0.180   0.580  Mcount_temp_xor<31> (Result<31>)
     LUT3:I2->O            1   0.205   0.000  Mcount_temp_eqn_311 (Mcount_temp_eqn_31)
     FDC:D                     0.102          temp_31
    ----------------------------------------
    Total                      3.078ns (1.882ns logic, 1.196ns route)
                                       (61.1% logic, 38.9% route)

=========================================================================
Timing constraint: Default OFFSET IN BEFORE for Clock 'CLK'
  Total number of paths / destination ports: 32 / 32
-------------------------------------------------------------------------
Offset:              2.943ns (Levels of Logic = 1)
  Source:            RST (PAD)
  Destination:       temp_0 (FF)
  Destination Clock: CLK rising

  Data Path: RST to temp_0
                                Gate     Net
    Cell:in->out      fanout   Delay   Delay  Logical Name (Net Name)
    ----------------------------------------  ------------
     IBUF:I->O            32   1.222   1.291  RST_IBUF (RST_IBUF)
     FDC:CLR                   0.430          temp_0
    ----------------------------------------
    Total                      2.943ns (1.652ns logic, 1.291ns route)
                                       (56.1% logic, 43.9% route)

=========================================================================
Timing constraint: Default OFFSET OUT AFTER for Clock 'CLK'
  Total number of paths / destination ports: 32 / 1
-------------------------------------------------------------------------
Offset:              5.928ns (Levels of Logic = 3)
  Source:            temp_1 (FF)
  Destination:       O (PAD)
  Source Clock:      CLK rising

  Data Path: temp_1 to O
                                Gate     Net
    Cell:in->out      fanout   Delay   Delay  Logical Name (Net Name)
    ----------------------------------------  ------------
     FDC:C->Q              2   0.447   0.981  temp_1 (temp_1)
     LUT6:I0->O            1   0.203   0.944  O<31>1 (O<31>)
     LUT6:I0->O            1   0.203   0.579  O<31>7 (O_OBUF)
     OBUF:I->O                 2.571          O_OBUF (O)
    ----------------------------------------
    Total                      5.928ns (3.424ns logic, 2.504ns route)
                                       (57.8% logic, 42.2% route)

=========================================================================

Cross Clock Domains Report:
--------------------------

Clock to Setup on destination clock CLK
---------------+---------+---------+---------+---------+
               | Src:Rise| Src:Fall| Src:Rise| Src:Fall|
Source Clock   |Dest:Rise|Dest:Rise|Dest:Fall|Dest:Fall|
---------------+---------+---------+---------+---------+
CLK            |    3.078|         |         |         |
RST            |         |    2.623|         |         |
---------------+---------+---------+---------+---------+

=========================================================================


Total REAL time to Xst completion: 5.00 secs
Total CPU time to Xst completion: 4.93 secs
 
--> 

Total memory usage is 4486276 kilobytes

Number of errors   :    0 (   0 filtered)
Number of warnings :   36 (   0 filtered)
Number of infos    :    0 (   0 filtered)

